<?xml version="1.0" encoding="UTF-8"?>
<!-- Generated by org.testng.reporters.JUnitReportReporter -->
<testsuite skipped="0" hostname="Fahim-PC" name="DragAndDrop.TC001_verify_dragAndDrop" tests="1" failures="0" timestamp="2019-09-21T21:30:59 IST" time="42.958" errors="0">
  <testcase name="verify_DragAndDrop" time="42.958" classname="DragAndDrop.TC001_verify_dragAndDrop"/>
</testsuite> <!-- DragAndDrop.TC001_verify_dragAndDrop -->
