<?xml version="1.0" encoding="UTF-8"?>
<!-- Generated by org.testng.reporters.JUnitReportReporter -->
<testsuite skipped="0" hostname="Fahim-PC" name="Sep_Practice_JavaProgramm.extractInteger_inString" tests="1" failures="0" timestamp="2019-09-26T16:54:38 IST" time="0.017" errors="0">
  <testcase name="extract_number" time="0.017" classname="Sep_Practice_JavaProgramm.extractInteger_inString"/>
</testsuite> <!-- Sep_Practice_JavaProgramm.extractInteger_inString -->
