<?xml version="1.0" encoding="UTF-8"?>
<!-- Generated by org.testng.reporters.JUnitReportReporter -->
<testsuite skipped="0" hostname="Fahim-PC" name="LoginModule.TC001_VerifyLogin" tests="1" failures="0" timestamp="2019-09-21T20:06:26 IST" time="104.650" errors="0">
  <testcase name="verifyLogin" time="104.650" classname="LoginModule.TC001_VerifyLogin"/>
</testsuite> <!-- LoginModule.TC001_VerifyLogin -->
