<?xml version="1.0" encoding="UTF-8"?>
<!-- Generated by org.testng.reporters.JUnitReportReporter -->
<testsuite skipped="0" hostname="Fahim-PC" name="Sep_Practice_TestNG.DataProvider_TestNG" tests="2" failures="0" timestamp="2019-09-19T13:43:33 IST" time="0.018" errors="0">
  <testcase name="test" time="0.003" classname="Sep_Practice_TestNG.DataProvider_TestNG"/>
  <testcase name="test" time="0.015" classname="Sep_Practice_TestNG.DataProvider_TestNG"/>
</testsuite> <!-- Sep_Practice_TestNG.DataProvider_TestNG -->
