<?xml version="1.0" encoding="UTF-8"?>
<!-- Generated by org.testng.reporters.JUnitReportReporter -->
<testsuite skipped="0" hostname="Fahim-PC" name="DragAndDrop.TC001_DragAndDrop" tests="1" failures="0" timestamp="2019-09-21T20:36:58 IST" time="52.318" errors="0">
  <testcase name="verifyLogin" time="52.318" classname="DragAndDrop.TC001_DragAndDrop"/>
</testsuite> <!-- DragAndDrop.TC001_DragAndDrop -->
