<?xml version="1.0" encoding="UTF-8"?>
<!-- Generated by org.testng.reporters.JUnitReportReporter -->
<testsuite skipped="0" hostname="Fahim-PC" name="Sep_Practice_TestNG.TestStructure" tests="1" failures="0" timestamp="2019-09-19T20:14:46 IST" time="0.009" errors="0">
  <testcase name="test1" time="0.009" classname="Sep_Practice_TestNG.TestStructure"/>
</testsuite> <!-- Sep_Practice_TestNG.TestStructure -->
