<?xml version="1.0" encoding="UTF-8"?>
<!-- Generated by org.testng.reporters.JUnitReportReporter -->
<testsuite skipped="0" hostname="Fahim-PC" name="Framework_POM.TestBase" tests="1" failures="0" timestamp="2019-09-20T15:59:39 IST" time="86.833" errors="0">
  <testcase name="init" time="86.833" classname="Framework_POM.TestBase"/>
</testsuite> <!-- Framework_POM.TestBase -->
