<?xml version="1.0" encoding="UTF-8"?>
<!-- Generated by org.testng.reporters.JUnitReportReporter -->
<testsuite skipped="0" hostname="Fahim-PC" name="Sep_Practice_TestNG.Annotations" tests="2" failures="0" timestamp="2019-09-19T13:19:15 IST" time="0.013" errors="0">
  <testcase name="test2" time="0.004" classname="Sep_Practice_TestNG.Annotations"/>
  <testcase name="test1" time="0.009" classname="Sep_Practice_TestNG.Annotations"/>
</testsuite> <!-- Sep_Practice_TestNG.Annotations -->
